c:\users\joshu\source\repos\orderapp\orderapp\x64\debug\orden.obj
c:\users\joshu\source\repos\orderapp\orderapp\x64\debug\main.obj
c:\users\joshu\source\repos\orderapp\orderapp\x64\debug\producto.obj
c:\users\joshu\source\repos\orderapp\orderapp\x64\debug\ordenproductos.obj
c:\users\joshu\source\repos\orderapp\orderapp\x64\debug\nuevaorden.obj
c:\users\joshu\source\repos\orderapp\orderapp\x64\debug\orderapp.obj
c:\users\joshu\source\repos\orderapp\orderapp\x64\debug\verordenes.obj
c:\users\joshu\source\repos\orderapp\orderapp\x64\debug\estadistica.obj
c:\users\joshu\source\repos\orderapp\orderapp\x64\debug\opcionesproducto.obj
c:\users\joshu\source\repos\orderapp\orderapp\x64\debug\agregarproductos.obj
c:\users\joshu\source\repos\orderapp\orderapp\x64\debug\modificarorden.obj
c:\users\joshu\source\repos\orderapp\orderapp\x64\debug\vc143.pdb
c:\users\joshu\source\repos\orderapp\orderapp\x64\debug\moc_ordenproductos.obj
c:\users\joshu\source\repos\orderapp\orderapp\x64\debug\moc_nuevaorden.obj
c:\users\joshu\source\repos\orderapp\orderapp\x64\debug\moc_agregarproductos.obj
c:\users\joshu\source\repos\orderapp\orderapp\x64\debug\moc_verordenes.obj
c:\users\joshu\source\repos\orderapp\orderapp\x64\debug\moc_modificarorden.obj
c:\users\joshu\source\repos\orderapp\orderapp\x64\debug\moc_estadistica.obj
c:\users\joshu\source\repos\orderapp\orderapp\x64\debug\moc_opcionesproducto.obj
c:\users\joshu\source\repos\orderapp\orderapp\x64\debug\qrc_orderapp.obj
c:\users\joshu\source\repos\orderapp\orderapp\x64\debug\moc_orderapp.obj
c:\users\joshu\source\repos\orderapp\x64\debug\orderapp.exe
c:\users\joshu\source\repos\orderapp\x64\debug\orderapp.pdb
c:\users\joshu\source\repos\orderapp\orderapp\x64\debug\moc\moc_orderapp.cpp
c:\users\joshu\source\repos\orderapp\orderapp\x64\debug\moc\moc_verordenes.cpp
c:\users\joshu\source\repos\orderapp\orderapp\x64\debug\moc\moc_agregarproductos.cpp
c:\users\joshu\source\repos\orderapp\orderapp\x64\debug\moc\moc_estadistica.cpp
c:\users\joshu\source\repos\orderapp\orderapp\x64\debug\moc\moc_opcionesproducto.cpp
c:\users\joshu\source\repos\orderapp\orderapp\x64\debug\moc\moc_nuevaorden.cpp
c:\users\joshu\source\repos\orderapp\orderapp\x64\debug\moc\moc_modificarorden.cpp
c:\users\joshu\source\repos\orderapp\orderapp\x64\debug\moc\moc_ordenproductos.cpp
c:\users\joshu\source\repos\orderapp\orderapp\x64\debug\uic\ui_agregarproductos.h
c:\users\joshu\source\repos\orderapp\orderapp\x64\debug\uic\ui_estadistica.h
c:\users\joshu\source\repos\orderapp\orderapp\x64\debug\uic\ui_modificarorden.h
c:\users\joshu\source\repos\orderapp\orderapp\x64\debug\uic\ui_nuevaorden.h
c:\users\joshu\source\repos\orderapp\orderapp\x64\debug\uic\ui_opcionesproducto.h
c:\users\joshu\source\repos\orderapp\orderapp\x64\debug\uic\ui_ordenproductos.h
c:\users\joshu\source\repos\orderapp\orderapp\x64\debug\uic\ui_orderapp.h
c:\users\joshu\source\repos\orderapp\orderapp\x64\debug\uic\ui_verordenes.h
c:\users\joshu\source\repos\orderapp\orderapp\x64\debug\rcc\qrc_orderapp.cpp
c:\users\joshu\source\repos\orderapp\orderapp\x64\debug\orderapp.tlog\cl.16544.write.1.tlog
c:\users\joshu\source\repos\orderapp\orderapp\x64\debug\orderapp.tlog\cl.command.1.tlog
c:\users\joshu\source\repos\orderapp\orderapp\x64\debug\orderapp.tlog\cl.read.1.tlog
c:\users\joshu\source\repos\orderapp\orderapp\x64\debug\orderapp.tlog\link.command.1.tlog
c:\users\joshu\source\repos\orderapp\orderapp\x64\debug\orderapp.tlog\link.read.1.tlog
c:\users\joshu\source\repos\orderapp\orderapp\x64\debug\orderapp.tlog\link.write.1.tlog
c:\users\joshu\source\repos\orderapp\orderapp\x64\debug\orderapp.tlog\moc.read.1u.tlog
c:\users\joshu\source\repos\orderapp\orderapp\x64\debug\orderapp.tlog\moc.write.1u.tlog
c:\users\joshu\source\repos\orderapp\orderapp\x64\debug\orderapp.tlog\orderapp.write.1u.tlog
c:\users\joshu\source\repos\orderapp\orderapp\x64\debug\orderapp.tlog\rcc.read.1u.tlog
c:\users\joshu\source\repos\orderapp\orderapp\x64\debug\orderapp.tlog\rcc.write.1u.tlog
c:\users\joshu\source\repos\orderapp\orderapp\x64\debug\orderapp.tlog\uic.read.1u.tlog
c:\users\joshu\source\repos\orderapp\orderapp\x64\debug\orderapp.tlog\uic.write.1u.tlog
