  uic agregarProductos.ui
  uic estadistica.ui
  uic modificarorden.ui
  uic nuevaorden.ui
  uic opcionesproducto.ui
  uic ordenproductos.ui
  uic OrderApp.ui
  uic verordenes.ui
  rcc OrderApp.qrc
  moc OrderApp.h
  moc verordenes.h
  moc agregarProductos.h
  moc estadistica.h
  moc opcionesproducto.h
  moc nuevaorden.h
  moc modificarorden.h
   RCC: Warning: No resources in 'C:\Users\joshu\source\repos\OrderApp\OrderApp\OrderApp.qrc'.
  moc ordenproductos.h
  agregarProductos.cpp
  estadistica.cpp
  modificarorden.cpp
  nuevaorden.cpp
  opcionesproducto.cpp
  ordenproductos.cpp
  Producto.cpp
  verordenes.cpp
  Orden.cpp
  OrderApp.cpp
  main.cpp
C:\Users\joshu\source\repos\OrderApp\OrderApp\OrderApp.cpp(13,10): warning C4067: unexpected tokens following preprocessor directive - expected a newline
  qrc_OrderApp.cpp
  moc_OrderApp.cpp
  moc_verordenes.cpp
  moc_agregarProductos.cpp
  moc_estadistica.cpp
  moc_opcionesproducto.cpp
  moc_nuevaorden.cpp
  moc_modificarorden.cpp
  moc_ordenproductos.cpp
  libusb-1.0.lib(core.obj) : MSIL .netmodule or module compiled with /GL found; restarting link with /LTCG; add /LTCG to the link command line to improve linker performance
LINK : warning LNK4098: defaultlib 'LIBCMT' conflicts with use of other libs; use /NODEFAULTLIB:library
  Generating code
  Finished generating code
libusb-1.0.lib(core.obj) : warning LNK4099: PDB '' was not found with 'libusb-1.0.lib(core.obj)' or at ''; linking object as if no debug info
libusb-1.0.lib(sync.obj) : warning LNK4099: PDB '' was not found with 'libusb-1.0.lib(sync.obj)' or at ''; linking object as if no debug info
libusb-1.0.lib(descriptor.obj) : warning LNK4099: PDB '' was not found with 'libusb-1.0.lib(descriptor.obj)' or at ''; linking object as if no debug info
libusb-1.0.lib(events_windows.obj) : warning LNK4099: PDB '' was not found with 'libusb-1.0.lib(events_windows.obj)' or at ''; linking object as if no debug info
libusb-1.0.lib(windows_common.obj) : warning LNK4099: PDB '' was not found with 'libusb-1.0.lib(windows_common.obj)' or at ''; linking object as if no debug info
libusb-1.0.lib(hotplug.obj) : warning LNK4099: PDB '' was not found with 'libusb-1.0.lib(hotplug.obj)' or at ''; linking object as if no debug info
libusb-1.0.lib(io.obj) : warning LNK4099: PDB '' was not found with 'libusb-1.0.lib(io.obj)' or at ''; linking object as if no debug info
libusb-1.0.lib(windows_winusb.obj) : warning LNK4099: PDB '' was not found with 'libusb-1.0.lib(windows_winusb.obj)' or at ''; linking object as if no debug info
libusb-1.0.lib(windows_usbdk.obj) : warning LNK4099: PDB '' was not found with 'libusb-1.0.lib(windows_usbdk.obj)' or at ''; linking object as if no debug info
libusb-1.0.lib(threads_windows.obj) : warning LNK4099: PDB '' was not found with 'libusb-1.0.lib(threads_windows.obj)' or at ''; linking object as if no debug info
  OrderApp.vcxproj -> C:\Users\joshu\source\repos\OrderApp\x64\Debug\OrderApp.exe
