c:\users\joshu\source\repos\orderapp\orderapp\x64\release\moc\moc_orderapp.cpp
c:\users\joshu\source\repos\orderapp\orderapp\x64\release\moc\moc_verordenes.cpp
c:\users\joshu\source\repos\orderapp\orderapp\x64\release\moc\moc_agregarproductos.cpp
c:\users\joshu\source\repos\orderapp\orderapp\x64\release\moc\moc_estadistica.cpp
c:\users\joshu\source\repos\orderapp\orderapp\x64\release\moc\moc_opcionesproducto.cpp
c:\users\joshu\source\repos\orderapp\orderapp\x64\release\moc\moc_nuevaorden.cpp
c:\users\joshu\source\repos\orderapp\orderapp\x64\release\moc\moc_modificarorden.cpp
c:\users\joshu\source\repos\orderapp\orderapp\x64\release\moc\moc_ordenproductos.cpp
c:\users\joshu\source\repos\orderapp\orderapp\x64\release\uic\ui_agregarproductos.h
c:\users\joshu\source\repos\orderapp\orderapp\x64\release\uic\ui_estadistica.h
c:\users\joshu\source\repos\orderapp\orderapp\x64\release\uic\ui_modificarorden.h
c:\users\joshu\source\repos\orderapp\orderapp\x64\release\uic\ui_nuevaorden.h
c:\users\joshu\source\repos\orderapp\orderapp\x64\release\uic\ui_opcionesproducto.h
c:\users\joshu\source\repos\orderapp\orderapp\x64\release\uic\ui_ordenproductos.h
c:\users\joshu\source\repos\orderapp\orderapp\x64\release\uic\ui_orderapp.h
c:\users\joshu\source\repos\orderapp\orderapp\x64\release\uic\ui_verordenes.h
c:\users\joshu\source\repos\orderapp\orderapp\x64\release\rcc\qrc_orderapp.cpp
c:\users\joshu\source\repos\orderapp\orderapp\x64\release\agregarproductos.obj
c:\users\joshu\source\repos\orderapp\orderapp\x64\release\estadistica.obj
c:\users\joshu\source\repos\orderapp\orderapp\x64\release\main.obj
c:\users\joshu\source\repos\orderapp\orderapp\x64\release\modificarorden.obj
c:\users\joshu\source\repos\orderapp\orderapp\x64\release\nuevaorden.obj
c:\users\joshu\source\repos\orderapp\orderapp\x64\release\opcionesproducto.obj
c:\users\joshu\source\repos\orderapp\orderapp\x64\release\orden.obj
c:\users\joshu\source\repos\orderapp\orderapp\x64\release\orderapp.obj
c:\users\joshu\source\repos\orderapp\orderapp\x64\release\producto.obj
c:\users\joshu\source\repos\orderapp\orderapp\x64\release\verordenes.obj
c:\users\joshu\source\repos\orderapp\orderapp\x64\release\orderapp.tlog\cl.command.1.tlog
c:\users\joshu\source\repos\orderapp\orderapp\x64\release\orderapp.tlog\moc.read.1u.tlog
c:\users\joshu\source\repos\orderapp\orderapp\x64\release\orderapp.tlog\moc.write.1u.tlog
c:\users\joshu\source\repos\orderapp\orderapp\x64\release\orderapp.tlog\orderapp.write.1u.tlog
c:\users\joshu\source\repos\orderapp\orderapp\x64\release\orderapp.tlog\rcc.read.1u.tlog
c:\users\joshu\source\repos\orderapp\orderapp\x64\release\orderapp.tlog\rcc.write.1u.tlog
c:\users\joshu\source\repos\orderapp\orderapp\x64\release\orderapp.tlog\uic.read.1u.tlog
c:\users\joshu\source\repos\orderapp\orderapp\x64\release\orderapp.tlog\uic.write.1u.tlog
